1529958763956	geckodriver	INFO	geckodriver 0.21.0
1529958763960	geckodriver	INFO	Listening on 127.0.0.1:49248
1529958773492	geckodriver	INFO	geckodriver 0.21.0
1529958773496	geckodriver	INFO	Listening on 127.0.0.1:42383
1529958835098	geckodriver	INFO	geckodriver 0.21.0
1529958835125	geckodriver	INFO	Listening on 127.0.0.1:56259
1529958844228	geckodriver	INFO	geckodriver 0.21.0
1529958844233	geckodriver	INFO	Listening on 127.0.0.1:54538
1529959146211	geckodriver	INFO	geckodriver 0.21.0
1529959146215	geckodriver	INFO	Listening on 127.0.0.1:55156
1529961160941	geckodriver	INFO	geckodriver 0.21.0
1529961160946	geckodriver	INFO	Listening on 127.0.0.1:52665
1529961161947	mozrunner::runner	INFO	Running command: "/usr/bin/firefox" "-marionette" "-foreground" "-no-remote" "-profile" "/tmp/rust_mozprofile.arFC9VuyE3r5"

(firefox:13500): GLib-GObject-CRITICAL **: g_object_ref: assertion 'object->ref_count > 0' failed

(firefox:13500): GLib-GObject-CRITICAL **: g_object_unref: assertion 'object->ref_count > 0' failed

(firefox:13500): GLib-GObject-CRITICAL **: g_object_ref: assertion 'object->ref_count > 0' failed

(firefox:13500): GLib-GObject-CRITICAL **: g_object_unref: assertion 'object->ref_count > 0' failed

(firefox:13500): GLib-GObject-CRITICAL **: g_object_ref: assertion 'object->ref_count > 0' failed

(firefox:13500): GLib-GObject-CRITICAL **: g_object_unref: assertion 'object->ref_count > 0' failed

(firefox:13500): GLib-GObject-CRITICAL **: g_object_ref: assertion 'object->ref_count > 0' failed

(firefox:13500): GLib-GObject-CRITICAL **: g_object_unref: assertion 'object->ref_count > 0' failed

(firefox:13500): GLib-GObject-CRITICAL **: g_object_ref: assertion 'object->ref_count > 0' failed

(firefox:13500): GLib-GObject-CRITICAL **: g_object_unref: assertion 'object->ref_count > 0' failed

(firefox:13500): GLib-GObject-CRITICAL **: g_object_ref: assertion 'object->ref_count > 0' failed

(firefox:13500): GLib-GObject-CRITICAL **: g_object_unref: assertion 'object->ref_count > 0' failed

(firefox:13500): GLib-GObject-CRITICAL **: g_object_ref: assertion 'object->ref_count > 0' failed

(firefox:13500): GLib-GObject-CRITICAL **: g_object_unref: assertion 'object->ref_count > 0' failed

(firefox:13500): GLib-GObject-CRITICAL **: g_object_ref: assertion 'object->ref_count > 0' failed

(firefox:13500): GLib-GObject-CRITICAL **: g_object_unref: assertion 'object->ref_count > 0' failed

(firefox:13500): GLib-GObject-CRITICAL **: g_object_ref: assertion 'object->ref_count > 0' failed

(firefox:13500): GLib-GObject-CRITICAL **: g_object_unref: assertion 'object->ref_count > 0' failed

(firefox:13500): GLib-GObject-CRITICAL **: g_object_ref: assertion 'object->ref_count > 0' failed

(firefox:13500): GLib-GObject-CRITICAL **: g_object_unref: assertion 'object->ref_count > 0' failed

(firefox:13500): GLib-GObject-CRITICAL **: g_object_ref: assertion 'object->ref_count > 0' failed

(firefox:13500): GLib-GObject-CRITICAL **: g_object_unref: assertion 'object->ref_count > 0' failed

(/opt/firefox/firefox:13547): GLib-GObject-CRITICAL **: g_object_ref: assertion 'object->ref_count > 0' failed

(/opt/firefox/firefox:13547): GLib-GObject-CRITICAL **: g_object_unref: assertion 'object->ref_count > 0' failed

(/opt/firefox/firefox:13547): GLib-GObject-CRITICAL **: g_object_ref: assertion 'object->ref_count > 0' failed

(/opt/firefox/firefox:13547): GLib-GObject-CRITICAL **: g_object_unref: assertion 'object->ref_count > 0' failed

(/opt/firefox/firefox:13547): GLib-GObject-CRITICAL **: g_object_ref: assertion 'object->ref_count > 0' failed

(/opt/firefox/firefox:13547): GLib-GObject-CRITICAL **: g_object_unref: assertion 'object->ref_count > 0' failed

(/opt/firefox/firefox:13547): GLib-GObject-CRITICAL **: g_object_ref: assertion 'object->ref_count > 0' failed

(/opt/firefox/firefox:13547): GLib-GObject-CRITICAL **: g_object_unref: assertion 'object->ref_count > 0' failed

(/opt/firefox/firefox:13547): GLib-GObject-CRITICAL **: g_object_ref: assertion 'object->ref_count > 0' failed

(/opt/firefox/firefox:13547): GLib-GObject-CRITICAL **: g_object_unref: assertion 'object->ref_count > 0' failed

(/opt/firefox/firefox:13547): GLib-GObject-CRITICAL **: g_object_ref: assertion 'object->ref_count > 0' failed

(/opt/firefox/firefox:13547): GLib-GObject-CRITICAL **: g_object_unref: assertion 'object->ref_count > 0' failed

(/opt/firefox/firefox:13547): GLib-GObject-CRITICAL **: g_object_ref: assertion 'object->ref_count > 0' failed

(/opt/firefox/firefox:13547): GLib-GObject-CRITICAL **: g_object_unref: assertion 'object->ref_count > 0' failed

(/opt/firefox/firefox:13547): GLib-GObject-CRITICAL **: g_object_ref: assertion 'object->ref_count > 0' failed

(/opt/firefox/firefox:13547): GLib-GObject-CRITICAL **: g_object_unref: assertion 'object->ref_count > 0' failed

(/opt/firefox/firefox:13547): GLib-GObject-CRITICAL **: g_object_ref: assertion 'object->ref_count > 0' failed

(/opt/firefox/firefox:13547): GLib-GObject-CRITICAL **: g_object_unref: assertion 'object->ref_count > 0' failed

(/opt/firefox/firefox:13547): GLib-GObject-CRITICAL **: g_object_ref: assertion 'object->ref_count > 0' failed

(/opt/firefox/firefox:13547): GLib-GObject-CRITICAL **: g_object_unref: assertion 'object->ref_count > 0' failed

(/opt/firefox/firefox:13547): GLib-GObject-CRITICAL **: g_object_ref: assertion 'object->ref_count > 0' failed

(/opt/firefox/firefox:13547): GLib-GObject-CRITICAL **: g_object_unref: assertion 'object->ref_count > 0' failed
1529961164214	Marionette	INFO	Listening on port 36841
1529961164280	Marionette	WARN	TLS certificate errors will be ignored for this session
JavaScript error: resource://gre/modules/ProfileAge.jsm, line 174: Error: Unable to fetch oldest profile entry: Unix error 2 during operation lstat on file /tmp/rust_mozprofile.arFC9VuyE3r5 (No such file or directory)
*** UTM:SVC TimerManager:registerTimer called after profile-before-change notification. Ignoring timer registration for id: telemetry_modules_ping

(firefox:13500): GLib-GObject-CRITICAL **: g_object_ref: assertion 'object->ref_count > 0' failed

(firefox:13500): GLib-GObject-CRITICAL **: g_object_unref: assertion 'object->ref_count > 0' failed
1529961209056	geckodriver	INFO	geckodriver 0.21.0
1529961209060	geckodriver	INFO	Listening on 127.0.0.1:35012
1529961210061	mozrunner::runner	INFO	Running command: "/usr/bin/firefox" "-marionette" "-foreground" "-no-remote" "-profile" "/tmp/rust_mozprofile.DQVRx6tVfCYv"

(firefox:13722): GLib-GObject-CRITICAL **: g_object_ref: assertion 'object->ref_count > 0' failed

(firefox:13722): GLib-GObject-CRITICAL **: g_object_unref: assertion 'object->ref_count > 0' failed

(firefox:13722): GLib-GObject-CRITICAL **: g_object_ref: assertion 'object->ref_count > 0' failed

(firefox:13722): GLib-GObject-CRITICAL **: g_object_unref: assertion 'object->ref_count > 0' failed

(firefox:13722): GLib-GObject-CRITICAL **: g_object_ref: assertion 'object->ref_count > 0' failed

(firefox:13722): GLib-GObject-CRITICAL **: g_object_unref: assertion 'object->ref_count > 0' failed

(firefox:13722): GLib-GObject-CRITICAL **: g_object_ref: assertion 'object->ref_count > 0' failed

(firefox:13722): GLib-GObject-CRITICAL **: g_object_unref: assertion 'object->ref_count > 0' failed

(firefox:13722): GLib-GObject-CRITICAL **: g_object_ref: assertion 'object->ref_count > 0' failed

(firefox:13722): GLib-GObject-CRITICAL **: g_object_unref: assertion 'object->ref_count > 0' failed

(firefox:13722): GLib-GObject-CRITICAL **: g_object_ref: assertion 'object->ref_count > 0' failed

(firefox:13722): GLib-GObject-CRITICAL **: g_object_unref: assertion 'object->ref_count > 0' failed

(firefox:13722): GLib-GObject-CRITICAL **: g_object_ref: assertion 'object->ref_count > 0' failed

(firefox:13722): GLib-GObject-CRITICAL **: g_object_unref: assertion 'object->ref_count > 0' failed

(firefox:13722): GLib-GObject-CRITICAL **: g_object_ref: assertion 'object->ref_count > 0' failed

(firefox:13722): GLib-GObject-CRITICAL **: g_object_unref: assertion 'object->ref_count > 0' failed

(firefox:13722): GLib-GObject-CRITICAL **: g_object_ref: assertion 'object->ref_count > 0' failed

(firefox:13722): GLib-GObject-CRITICAL **: g_object_unref: assertion 'object->ref_count > 0' failed

(firefox:13722): GLib-GObject-CRITICAL **: g_object_ref: assertion 'object->ref_count > 0' failed

(firefox:13722): GLib-GObject-CRITICAL **: g_object_unref: assertion 'object->ref_count > 0' failed

(firefox:13722): GLib-GObject-CRITICAL **: g_object_ref: assertion 'object->ref_count > 0' failed

(firefox:13722): GLib-GObject-CRITICAL **: g_object_unref: assertion 'object->ref_count > 0' failed

(/opt/firefox/firefox:13768): GLib-GObject-CRITICAL **: g_object_ref: assertion 'object->ref_count > 0' failed

(/opt/firefox/firefox:13768): GLib-GObject-CRITICAL **: g_object_unref: assertion 'object->ref_count > 0' failed

(/opt/firefox/firefox:13768): GLib-GObject-CRITICAL **: g_object_ref: assertion 'object->ref_count > 0' failed

(/opt/firefox/firefox:13768): GLib-GObject-CRITICAL **: g_object_unref: assertion 'object->ref_count > 0' failed

(/opt/firefox/firefox:13768): GLib-GObject-CRITICAL **: g_object_ref: assertion 'object->ref_count > 0' failed

(/opt/firefox/firefox:13768): GLib-GObject-CRITICAL **: g_object_unref: assertion 'object->ref_count > 0' failed

(/opt/firefox/firefox:13768): GLib-GObject-CRITICAL **: g_object_ref: assertion 'object->ref_count > 0' failed

(/opt/firefox/firefox:13768): GLib-GObject-CRITICAL **: g_object_unref: assertion 'object->ref_count > 0' failed

(/opt/firefox/firefox:13768): GLib-GObject-CRITICAL **: g_object_ref: assertion 'object->ref_count > 0' failed

(/opt/firefox/firefox:13768): GLib-GObject-CRITICAL **: g_object_unref: assertion 'object->ref_count > 0' failed

(/opt/firefox/firefox:13768): GLib-GObject-CRITICAL **: g_object_ref: assertion 'object->ref_count > 0' failed

(/opt/firefox/firefox:13768): GLib-GObject-CRITICAL **: g_object_unref: assertion 'object->ref_count > 0' failed

(/opt/firefox/firefox:13768): GLib-GObject-CRITICAL **: g_object_ref: assertion 'object->ref_count > 0' failed

(/opt/firefox/firefox:13768): GLib-GObject-CRITICAL **: g_object_unref: assertion 'object->ref_count > 0' failed

(/opt/firefox/firefox:13768): GLib-GObject-CRITICAL **: g_object_ref: assertion 'object->ref_count > 0' failed

(/opt/firefox/firefox:13768): GLib-GObject-CRITICAL **: g_object_unref: assertion 'object->ref_count > 0' failed

(/opt/firefox/firefox:13768): GLib-GObject-CRITICAL **: g_object_ref: assertion 'object->ref_count > 0' failed

(/opt/firefox/firefox:13768): GLib-GObject-CRITICAL **: g_object_unref: assertion 'object->ref_count > 0' failed

(/opt/firefox/firefox:13768): GLib-GObject-CRITICAL **: g_object_ref: assertion 'object->ref_count > 0' failed

(/opt/firefox/firefox:13768): GLib-GObject-CRITICAL **: g_object_unref: assertion 'object->ref_count > 0' failed

(/opt/firefox/firefox:13768): GLib-GObject-CRITICAL **: g_object_ref: assertion 'object->ref_count > 0' failed

(/opt/firefox/firefox:13768): GLib-GObject-CRITICAL **: g_object_unref: assertion 'object->ref_count > 0' failed
1529961212641	Marionette	INFO	Listening on port 41614
1529961212691	Marionette	WARN	TLS certificate errors will be ignored for this session
JavaScript error: resource://gre/modules/ProfileAge.jsm, line 174: Error: Unable to fetch oldest profile entry: Unix error 2 during operation lstat on file /tmp/rust_mozprofile.DQVRx6tVfCYv (No such file or directory)
JavaScript error: https://fbsbx.com/captcha/recaptcha/iframe/?referer=https%3A%2F%2Fwww.facebook.com, line 1: TypeError: o is null
JavaScript error: https://fbsbx.com/captcha/recaptcha/iframe/?referer=https%3A%2F%2Fwww.facebook.com, line 1: TypeError: o is null
console.warn: LoginRecipes: getRecipes: falling back to a synchronous message for: https://www.facebook.com
console.warn: nsLoginManager: searchLogins: `formSubmitURL` or `httpRealm` is recommended

(firefox:13722): Gtk-CRITICAL **: gtk_icon_theme_lookup_icon_for_scale: assertion 'scale >= 1' failed

(firefox:13722): Gtk-CRITICAL **: gtk_icon_theme_lookup_icon_for_scale: assertion 'scale >= 1' failed

(firefox:13722): Gtk-CRITICAL **: gtk_icon_theme_lookup_icon_for_scale: assertion 'scale >= 1' failed

(firefox:13722): GLib-GObject-CRITICAL **: g_object_ref: assertion 'object->ref_count > 0' failed

(firefox:13722): GLib-GObject-CRITICAL **: g_object_unref: assertion 'object->ref_count > 0' failed

(firefox:13722): GLib-GObject-CRITICAL **: g_object_ref: assertion 'object->ref_count > 0' failed

(firefox:13722): GLib-GObject-CRITICAL **: g_object_unref: assertion 'object->ref_count > 0' failed

(firefox:13722): GLib-GObject-CRITICAL **: g_object_ref: assertion 'object->ref_count > 0' failed

(firefox:13722): GLib-GObject-CRITICAL **: g_object_unref: assertion 'object->ref_count > 0' failed
